<?xml version="1.0" encoding="UTF-8"?>
<testsuite name="com.mockito.business.model.MeuDicionarioTest" tests="2" skipped="0" failures="0" errors="0" timestamp="2020-11-27T14:33:04" hostname="rsalami-Inspiron-3576" time="0.026">
  <properties/>
  <testcase name="getMeaningTestException" classname="com.mockito.business.model.MeuDicionarioTest" time="0.024"/>
  <testcase name="addException" classname="com.mockito.business.model.MeuDicionarioTest" time="0.002"/>
  <system-out><![CDATA[]]></system-out>
  <system-err><![CDATA[]]></system-err>
</testsuite>
