<?xml version="1.0" encoding="UTF-8"?>
<testsuite name="com.mockito.business.AddressSearchTest8" tests="1" skipped="0" failures="0" errors="0" timestamp="2020-11-27T14:33:04" hostname="rsalami-Inspiron-3576" time="0.001">
  <properties/>
  <testcase name="findByTest" classname="com.mockito.business.AddressSearchTest8" time="0.001"/>
  <system-out><![CDATA[]]></system-out>
  <system-err><![CDATA[]]></system-err>
</testsuite>
